2026-05-14 19:36:14: 
2026-05-14 19:36:14: > meridian@0.1.0 start
2026-05-14 19:36:14: > next start
2026-05-14 19:36:14: 
2026-05-14 19:36:14:   ▲ Next.js 14.2.18
2026-05-14 19:36:14:   - Local:        http://localhost:3025
2026-05-14 19:36:14: 
2026-05-14 19:36:14:  ✓ Starting...
2026-05-14 19:36:15:  ✓ Ready in 293ms
2026-05-14 19:39:28: 
2026-05-14 19:39:28: > meridian@0.1.0 start
2026-05-14 19:39:28: > next start
2026-05-14 19:39:28: 
2026-05-14 19:39:29:   ▲ Next.js 14.2.18
2026-05-14 19:39:29:   - Local:        http://localhost:3025
2026-05-14 19:39:29: 
2026-05-14 19:39:29:  ✓ Starting...
2026-05-14 19:39:29:  ✓ Ready in 301ms
2026-05-14 19:41:26: 
2026-05-14 19:41:26: > meridian@0.1.0 start
2026-05-14 19:41:26: > next start
2026-05-14 19:41:26: 
2026-05-14 19:41:26:   ▲ Next.js 14.2.18
2026-05-14 19:41:26:   - Local:        http://localhost:3025
2026-05-14 19:41:26: 
2026-05-14 19:41:26:  ✓ Starting...
2026-05-14 19:41:26:  ✓ Ready in 296ms
2026-05-14 20:05:34: 
2026-05-14 20:05:34: > meridian@0.1.0 start
2026-05-14 20:05:34: > next start
2026-05-14 20:05:34: 
2026-05-14 20:05:34:   ▲ Next.js 14.2.18
2026-05-14 20:05:34:   - Local:        http://localhost:3025
2026-05-14 20:05:34: 
2026-05-14 20:05:34:  ✓ Starting...
2026-05-14 20:05:34:  ✓ Ready in 301ms
2026-05-14 20:31:35: 
2026-05-14 20:31:35: > meridian@0.1.0 start
2026-05-14 20:31:35: > next start
2026-05-14 20:31:35: 
2026-05-14 20:31:35:   ▲ Next.js 14.2.18
2026-05-14 20:31:36:   - Local:        http://localhost:3025
2026-05-14 20:31:36: 
2026-05-14 20:31:36:  ✓ Starting...
2026-05-14 20:31:36:  ✓ Ready in 297ms
